<?xml version="1.0" encoding="UTF-8"?>
<!-- Generated by org.testng.reporters.JUnitXMLReporter -->
<testsuite hostname="LAPTOP-OHFHP3OK" ignored="0" name="Default test(failed)(failed)" tests="1" failures="1" timestamp="2020-03-02T14:31:55 MST" time="56.3" errors="0">
  <testcase name="createEmployer" time="49.248" classname="Test.EmployerTest">
    <failure type="org.openqa.selenium.TimeoutException" message="Timed out after 10 seconds waiting for element to be clickable: By.xpath: //*[@id=&amp;quot;assignPlanSelectAll&amp;quot;]
Build info: version: &amp;apos;2.53.1&amp;apos;, revision: &amp;apos;a36b8b1cd5757287168e54b817830adce9b0158d&amp;apos;, time: &amp;apos;2016-06-30 19:26:09&amp;apos;
System info: host: &amp;apos;LAPTOP-OHFHP3OK&amp;apos;, ip: &amp;apos;192.168.0.18&amp;apos;, os.name: &amp;apos;Windows 10&amp;apos;, os.arch: &amp;apos;amd64&amp;apos;, os.version: &amp;apos;10.0&amp;apos;, java.version: &amp;apos;1.8.0_221&amp;apos;
Driver info: org.openqa.selenium.chrome.ChromeDriver
Capabilities [{mobileEmulationEnabled=false, timeouts={implicit=0, pageLoad=300000, script=30000}, hasTouchScreen=false, platform=XP, acceptSslCerts=false, goog:chromeOptions={debuggerAddress=localhost:55305}, acceptInsecureCerts=false, webStorageEnabled=true, browserName=chrome, takesScreenshot=true, javascriptEnabled=true, setWindowRect=true, unexpectedAlertBehaviour=ignore, applicationCacheEnabled=false, rotatable=false, networkConnectionEnabled=false, chrome={chromedriverVersion=79.0.3945.36 (3582db32b33893869b8c1339e8f4d9ed1816f143-refs/branch-heads/3945@{#614}), userDataDir=C:\Users\dheer\AppData\Local\Temp\scoped_dir23724_1098262089}, takesHeapSnapshot=true, pageLoadStrategy=normal, strictFileInteractability=false, databaseEnabled=false, handlesAlerts=true, version=80.0.3987.122, browserConnectionEnabled=false, proxy={}, nativeEvents=true, locationContextEnabled=true, cssSelectorsEnabled=true}]
Session ID: bd40a2f0879659ecee19cd38c437e3c2">
      <![CDATA[org.openqa.selenium.TimeoutException: Timed out after 10 seconds waiting for element to be clickable: By.xpath: //*[@id="assignPlanSelectAll"]
Build info: version: '2.53.1', revision: 'a36b8b1cd5757287168e54b817830adce9b0158d', time: '2016-06-30 19:26:09'
System info: host: 'LAPTOP-OHFHP3OK', ip: '192.168.0.18', os.name: 'Windows 10', os.arch: 'amd64', os.version: '10.0', java.version: '1.8.0_221'
Driver info: org.openqa.selenium.chrome.ChromeDriver
Capabilities [{mobileEmulationEnabled=false, timeouts={implicit=0, pageLoad=300000, script=30000}, hasTouchScreen=false, platform=XP, acceptSslCerts=false, goog:chromeOptions={debuggerAddress=localhost:55305}, acceptInsecureCerts=false, webStorageEnabled=true, browserName=chrome, takesScreenshot=true, javascriptEnabled=true, setWindowRect=true, unexpectedAlertBehaviour=ignore, applicationCacheEnabled=false, rotatable=false, networkConnectionEnabled=false, chrome={chromedriverVersion=79.0.3945.36 (3582db32b33893869b8c1339e8f4d9ed1816f143-refs/branch-heads/3945@{#614}), userDataDir=C:\Users\dheer\AppData\Local\Temp\scoped_dir23724_1098262089}, takesHeapSnapshot=true, pageLoadStrategy=normal, strictFileInteractability=false, databaseEnabled=false, handlesAlerts=true, version=80.0.3987.122, browserConnectionEnabled=false, proxy={}, nativeEvents=true, locationContextEnabled=true, cssSelectorsEnabled=true}]
Session ID: bd40a2f0879659ecee19cd38c437e3c2
at org.openqa.selenium.support.ui.WebDriverWait.timeoutException(WebDriverWait.java:80)
at org.openqa.selenium.support.ui.FluentWait.until(FluentWait.java:261)
at Commomactions.Browseractions.waitForelementToBeClickable(Browseractions.java:142)
at Commomactions.Browseractions.click(Browseractions.java:375)
at Pages.EmployerManagement.AssignPlansToEmployer(EmployerManagement.java:219)
at Pages.EmployerManagement.addEmployer(EmployerManagement.java:141)
at Test.EmployerTest.createEmployer(EmployerTest.java:44)
at java.util.ArrayList.forEach(Unknown Source)
... Removed 27 stack frames]]>
    </failure>
  </testcase> <!-- createEmployer -->
</testsuite> <!-- Default test(failed)(failed) -->
